2024-03-20T00:49:21.140Z INFO  | internal | MainThread <main> [AUDIT] Logging configured [root_level=ERROR level=INFO con_level=TRACE con_json=False file_level=TRACE file_json=False file_name='/radkit/logs/service/service.log' file_rotate=True with_rate_limiting=True]
2024-03-20T00:49:21.143Z INFO  | internal | MainThread <main> [] RADKit Service [version='1.6.5']
2024-03-20T00:49:30.221Z INFO  | internal | MainThread radkit_service.database.service_db [DB] Creating new database file. [path=PosixPath('/radkit/service/service-db.json.encrypted')]
2024-03-20T00:49:30.227Z INFO  | internal | MainThread radkit_service.database.service_db [DB] Storing DB encryption key in credentials backend. [path=PosixPath('/radkit/service/service-db.json.encrypted')]
2024-03-20T00:49:30.233Z INFO  | internal | MainThread radkit_service.database.service_db [DB] Opening database. [path=PosixPath('/radkit/service/service-db.json.encrypted')]
2024-03-20T00:49:30.239Z INFO  | internal | MainThread radkit_service.backup [SYSTEM] Ensuring backup directory [backup_dir_path='/radkit/service/backups/20240320-004930_1.6.5']
2024-03-20T00:49:30.242Z INFO  | internal | MainThread radkit_service.backup [SYSTEM] Backing up keys and certs files...
2024-03-20T00:49:30.245Z INFO  | internal | MainThread radkit_service.backup [SYSTEM] Backing up file [src='/radkit/service/webserver.pem' dst='/radkit/service/backups/20240320-004930_1.6.5/webserver.pem']
2024-03-20T00:49:30.249Z INFO  | internal | MainThread radkit_service.backup [SYSTEM] Backing up file [src='/radkit/service/webserver.key' dst='/radkit/service/backups/20240320-004930_1.6.5/webserver.key']
2024-03-20T00:49:30.252Z INFO  | internal | MainThread radkit_service.backup [SYSTEM] Backing up file [src='/radkit/service/e2ee.pem' dst='/radkit/service/backups/20240320-004930_1.6.5/e2ee.pem']
2024-03-20T00:49:30.256Z INFO  | internal | MainThread radkit_service.backup [SYSTEM] Backing up file [src='/radkit/service/e2ee.key' dst='/radkit/service/backups/20240320-004930_1.6.5/e2ee.key']
2024-03-20T00:49:30.259Z INFO  | internal | MainThread radkit_service.backup [SYSTEM] Backing up database...
2024-03-20T00:49:30.262Z INFO  | internal | MainThread radkit_service.backup [SYSTEM] Backing up file [src='/radkit/service/service-db.json.encrypted' dst='/radkit/service/backups/20240320-004930_1.6.5/service-db.json.encrypted-1.6.5-0018-add-nso-2024_02_26']
2024-03-20T00:49:30.265Z INFO  | internal | MainThread radkit_service.backup [SYSTEM] Backing up file [src='/radkit/service/secrets.json' dst='/radkit/service/backups/20240320-004930_1.6.5/secrets.json']
2024-03-20T00:49:30.278Z INFO  | internal | MainThread DBOperationCredentialsBackend(0xFFFF968263D0) [AUDIT,DB] Creating administrator [admin_name='superadmin']
2024-03-20T00:49:30.286Z INFO  | internal | MainThread radkit_service.database.service_db [DB] Database closed. [path=PosixPath('/radkit/service/service-db.json.encrypted')]
2024-03-20T00:50:00.129Z INFO  | internal | MainThread <main> [AUDIT] Logging configured [root_level=ERROR level=INFO con_level=TRACE con_json=False file_level=TRACE file_json=False file_name='/radkit/logs/service/service.log' file_rotate=True with_rate_limiting=True]
2024-03-20T00:50:00.131Z INFO  | internal | MainThread <main> [] RADKit Service [version='1.6.5']
2024-03-20T00:50:00.138Z INFO  | internal | MainThread <main> [] STDIN is not a terminal; assuming --headless
2024-03-20T00:50:00.141Z INFO  | internal | MainThread <main> [] This software will expire in 348 days, after which it must be updated
2024-03-20T00:50:00.143Z INFO  | internal | MainThread <main> [] Cisco Remote Automation Development Kit (RADKit) -- Copyright (c) 2018-2024 by Cisco Systems, Inc.

Cisco Online Privacy Statement: <https://www.cisco.com/c/en/us/about/legal/privacy-full.html>

The use of Cisco RADKit and the associated software and cloud services is governed by the Cisco End User License Agreement (EULA) available at: <https://www.cisco.com/c/en/us/about/legal/cloud-and-software/end_user_license_agreement.html>

For any additional questions regarding the use of this product, please contact `radkit@cisco.com`.

Certain third-party libraries used by Cisco RADKit are licensed under the GNU Lesser General Public License ("LGPL") version 2.1 or version 3, respectively, and come with ABSOLUTELY NO WARRANTY. You can redistribute and/or modify the code for those libraries under the terms of their respective license. For more details, see either: the documentation bundled with Cisco RADKit; the online documentation at <https://radkit.cisco.com/>; or contact `radkit@cisco.com`.

For more information about the Open Source components used in this and other Cisco products, please refer to the Open Source portal at: <https://www.cisco.com/c/en/us/about/legal.html>

2024-03-20T00:50:00.148Z INFO  | internal | MainThread <main> [AUDIT] Service PID file created successfully 
2024-03-20T00:50:00.151Z INFO  | internal | MainThread <main> [AUDIT] Service port file created successfully
2024-03-20T00:50:00.157Z WARNI | internal | MainThread radkit_service.start_helper [] Loading superadmin password from environment ($RADKIT_SERVICE_SUPERADMIN_PASSWORD_BASE64)
2024-03-20T00:50:00.224Z INFO  | internal | MainThread radkit_service.database.service_db [DB] Opening database. [path=PosixPath('/radkit/service/service-db.json.encrypted')]
2024-03-20T00:50:00.272Z INFO  | internal | MainThread radkit_service.service [SYSTEM] Creating service
2024-03-20T00:50:00.304Z INFO  | internal | MainThread Service(0xFFFF92CC5750) [AUDIT,SYSTEM] Starting RADKit Service [serial=None log_dir=PosixPath('/radkit/logs/service')]
2024-03-20T00:50:00.325Z INFO  | internal | MainThread radkit_service.webserver [SYSTEM] Starting UI and API listener [addresses=['0.0.0.0'] secure_port=8081]
2024-03-20T00:50:00.478Z INFO  | internal | MainThread radkit_service.webserver.utils [SYSTEM] Webserver certificate fingerprint [fingerprint='ad45339f140f666f008c56fedea6b9dd8d06322b917dd1466460cac2ee4f4908']
2024-03-20T00:50:00.481Z INFO  | internal | MainThread radkit_service.webserver.utils [SYSTEM] E2EE certificate fingerprint [fingerprint='b17851644c978561b2294d878f0b965c06bb436cd8abbd4fd1f12d1275a7fdb4']
2024-03-20T00:50:00.495Z INFO  | internal | MainThread radkit_common.utils.hypercorn [AUDIT] Starting HTTP server [bind=['0.0.0.0:8081']]
2024-03-20T00:50:00.503Z INFO  | internal | MainThread radkit_common.nglog.radkit_service.webserver.utils.errorlog [] Running on https://0.0.0.0:8081 (CTRL + C to quit)
